[0.010s] Invoking command in '/home/prachit/School/VIP3602/rc_ws/build/cv_node': CMAKE_PREFIX_PATH=/opt/ros/humble /usr/bin/cmake /home/prachit/School/VIP3602/rc_ws/src/cv_node -DCMAKE_INSTALL_PREFIX=/home/prachit/School/VIP3602/rc_ws/install/cv_node
[0.020s] -- Found ament_cmake: 1.3.10 (/opt/ros/humble/share/ament_cmake/cmake)
[0.147s] -- Found rclcpp: 16.0.10 (/opt/ros/humble/share/rclcpp/cmake)
[0.198s] -- Found rosidl_generator_c: 3.1.5 (/opt/ros/humble/share/rosidl_generator_c/cmake)
[0.201s] -- Found rosidl_adapter: 3.1.5 (/opt/ros/humble/share/rosidl_adapter/cmake)
[0.207s] -- Found rosidl_generator_cpp: 3.1.5 (/opt/ros/humble/share/rosidl_generator_cpp/cmake)
[0.218s] -- Using all available rosidl_typesupport_c: rosidl_typesupport_fastrtps_c;rosidl_typesupport_introspection_c
[0.233s] -- Using all available rosidl_typesupport_cpp: rosidl_typesupport_fastrtps_cpp;rosidl_typesupport_introspection_cpp
[0.267s] -- Found rmw_implementation_cmake: 6.1.2 (/opt/ros/humble/share/rmw_implementation_cmake/cmake)
[0.269s] -- Found rmw_fastrtps_cpp: 6.2.7 (/opt/ros/humble/share/rmw_fastrtps_cpp/cmake)
[0.394s] -- Using RMW implementation 'rmw_fastrtps_cpp' as default
[0.463s] -- Found sensor_msgs: 4.2.4 (/opt/ros/humble/share/sensor_msgs/cmake)
[0.500s] [31mCMake Error at CMakeLists.txt:14 (target_include_directories):
[0.500s]   Cannot specify include directories for target "cv_node" which is not built
[0.500s]   by this project.
[0.500s] 
[0.500s] [0m
[0.500s] [31mCMake Error at CMakeLists.txt:15 (target_link_libraries):
[0.500s]   Cannot specify link libraries for target "cv_node" which is not built by
[0.500s]   this project.
[0.500s] 
[0.500s] [0m
[0.500s] -- Configuring incomplete, errors occurred!
[0.500s] See also "/home/prachit/School/VIP3602/rc_ws/build/cv_node/CMakeFiles/CMakeOutput.log".
[0.505s] Invoked command in '/home/prachit/School/VIP3602/rc_ws/build/cv_node' returned '1': CMAKE_PREFIX_PATH=/opt/ros/humble /usr/bin/cmake /home/prachit/School/VIP3602/rc_ws/src/cv_node -DCMAKE_INSTALL_PREFIX=/home/prachit/School/VIP3602/rc_ws/install/cv_node
