[0.009s] Invoking command in '/home/prachit/School/VIP3602/rc_ws/build/cv_node': CMAKE_PREFIX_PATH=/opt/ros/humble /usr/bin/cmake /home/prachit/School/VIP3602/rc_ws/src/cv_node -DCMAKE_INSTALL_PREFIX=/home/prachit/School/VIP3602/rc_ws/install/cv_node
[0.017s] -- Found ament_cmake: 1.3.10 (/opt/ros/humble/share/ament_cmake/cmake)
[0.102s] -- Found rclcpp: 16.0.10 (/opt/ros/humble/share/rclcpp/cmake)
[0.130s] -- Found rosidl_generator_c: 3.1.5 (/opt/ros/humble/share/rosidl_generator_c/cmake)
[0.133s] -- Found rosidl_adapter: 3.1.5 (/opt/ros/humble/share/rosidl_adapter/cmake)
[0.138s] -- Found rosidl_generator_cpp: 3.1.5 (/opt/ros/humble/share/rosidl_generator_cpp/cmake)
[0.150s] -- Using all available rosidl_typesupport_c: rosidl_typesupport_fastrtps_c;rosidl_typesupport_introspection_c
[0.175s] -- Using all available rosidl_typesupport_cpp: rosidl_typesupport_fastrtps_cpp;rosidl_typesupport_introspection_cpp
[0.210s] -- Found rmw_implementation_cmake: 6.1.2 (/opt/ros/humble/share/rmw_implementation_cmake/cmake)
[0.212s] -- Found rmw_fastrtps_cpp: 6.2.7 (/opt/ros/humble/share/rmw_fastrtps_cpp/cmake)
[0.297s] -- Using RMW implementation 'rmw_fastrtps_cpp' as default
[0.347s] -- Found sensor_msgs: 4.2.4 (/opt/ros/humble/share/sensor_msgs/cmake)
[0.378s] [31mCMake Error at CMakeLists.txt:14 (target_include_directories):
[0.378s]   Cannot specify include directories for target "node" which is not built by
[0.378s]   this project.
[0.378s] 
[0.379s] [0m
[0.379s] [31mCMake Error at CMakeLists.txt:15 (target_link_libraries):
[0.379s]   Cannot specify link libraries for target "cv_node" which is not built by
[0.379s]   this project.
[0.379s] 
[0.379s] [0m
[0.379s] -- Configuring incomplete, errors occurred!
[0.379s] See also "/home/prachit/School/VIP3602/rc_ws/build/cv_node/CMakeFiles/CMakeOutput.log".
[0.384s] Invoked command in '/home/prachit/School/VIP3602/rc_ws/build/cv_node' returned '1': CMAKE_PREFIX_PATH=/opt/ros/humble /usr/bin/cmake /home/prachit/School/VIP3602/rc_ws/src/cv_node -DCMAKE_INSTALL_PREFIX=/home/prachit/School/VIP3602/rc_ws/install/cv_node
